<?xml version="1.0" encoding="UTF-8"?>
<!-- Generated by org.testng.reporters.JUnitReportReporter -->
<testsuite hostname="DESKTOP-8P025AT" failures="0" tests="2" name="CrossBrowserTest" time="20.797" errors="0" timestamp="08 velj 2024 18:35:55 GMT" skipped="0">
  <testcase classname="CrossBrowserTest" name="GamesBrowserTest" time="11.552"/>
  <testcase classname="CrossBrowserTest" name="GamesBrowserTest" time="9.245"/>
</testsuite> <!-- CrossBrowserTest -->
